<?xml version="1.0" encoding="UTF-8"?>
<!-- Generated by org.testng.reporters.JUnitXMLReporter -->
<testsuite ignored="0" hostname="Nardeli-PC" failures="0" tests="5" name="test-login" time="21.474" errors="0" timestamp="07 May 2021 00:53:01 GMT">
  <testcase classname="testNG.Assignment_final_exam2" name="testPageTitle" time="0.093"/>
  <testcase classname="testNG.Assignment_final_exam2" name="myAccount" time="2.052"/>
  <testcase classname="testNG.Assignment_final_exam2" name="unsucessfulLogin" time="1.79"/>
  <testcase classname="testNG.Assignment_final_exam2" name="sucessfulLogin" time="2.706"/>
  <testcase classname="testNG.Assignment_final_exam2" name="goToHomePage" time="5.045"/>
</testsuite> <!-- test-login -->
