<?xml version="1.0" encoding="UTF-8"?>
<!-- Generated by org.testng.reporters.JUnitReportReporter -->
<testsuite hostname="Nardeli-PC" failures="0" tests="12" name="seleniumProject.Assignment_exam_TestNG" time="19.323" errors="0" timestamp="20 Apr. 2021 23:35:08 GMT" skipped="0">
  <testcase classname="seleniumProject.Assignment_exam_TestNG" name="women" time="2.864"/>
  <testcase classname="seleniumProject.Assignment_exam_TestNG" name="dresses" time="1.627"/>
  <testcase classname="seleniumProject.Assignment_exam_TestNG" name="summerDresses" time="1.430"/>
  <testcase classname="seleniumProject.Assignment_exam_TestNG" name="printedSummerDress" time="1.512"/>
  <testcase classname="seleniumProject.Assignment_exam_TestNG" name="addToCart" time="1.569"/>
  <testcase classname="seleniumProject.Assignment_exam_TestNG" name="proceedToCheckout" time="1.482"/>
  <testcase classname="seleniumProject.Assignment_exam_TestNG" name="proceedToCheckout2" time="1.844"/>
  <testcase classname="seleniumProject.Assignment_exam_TestNG" name="login" time="1.849"/>
  <testcase classname="seleniumProject.Assignment_exam_TestNG" name="proceedToCheckoutShipping" time="1.451"/>
  <testcase classname="seleniumProject.Assignment_exam_TestNG" name="proceedToCheckoutPayment" time="1.278"/>
  <testcase classname="seleniumProject.Assignment_exam_TestNG" name="paymentByBankWire" time="0.927"/>
  <testcase classname="seleniumProject.Assignment_exam_TestNG" name="confirmMyOrder" time="1.490"/>
</testsuite> <!-- seleniumProject.Assignment_exam_TestNG -->
