<?xml version="1.0" encoding="UTF-8"?>
<!-- Generated by org.testng.reporters.JUnitReportReporter -->
<testsuite hostname="Nardeli-PC" failures="0" tests="2" name="testNG.dataProvider" time="20.270" errors="0" timestamp="05 May 2021 23:20:45 GMT" skipped="0">
  <testcase classname="testNG.dataProvider" name="unsucessfulLogin2" time="10.351"/>
  <testcase classname="testNG.dataProvider" name="unsucessfulLogin2" time="9.919"/>
</testsuite> <!-- testNG.dataProvider -->
