<?xml version="1.0" encoding="UTF-8"?>
<!-- Generated by org.testng.reporters.JUnitReportReporter -->
<testsuite hostname="Nardeli-PC" failures="0" tests="5" name="seleniumProject.kijijiTestNG" time="31.597" errors="0" timestamp="21 Apr. 2021 02:34:36 GMT" skipped="0">
  <testcase classname="seleniumProject.kijijiTestNG" name="kjijiAutoLink" time="0.706"/>
  <testcase classname="seleniumProject.kijijiTestNG" name="jobsGraficDesign" time="15.599"/>
  <testcase classname="seleniumProject.kijijiTestNG" name="seniorDesigner" time="14.032"/>
  <testcase classname="seleniumProject.kijijiTestNG" name="showMore" time="1.027"/>
  <testcase classname="seleniumProject.kijijiTestNG" name="description" time="0.233"/>
</testsuite> <!-- seleniumProject.kijijiTestNG -->
