<?xml version="1.0" encoding="UTF-8"?>
<!-- Generated by org.testng.reporters.JUnitReportReporter -->
<testsuite hostname="Nardeli-PC" failures="0" tests="12" name="testNG.Assignment_exam_TestNG" time="22.244" errors="0" timestamp="20 Apr. 2021 23:54:59 GMT" skipped="0">
  <testcase classname="testNG.Assignment_exam_TestNG" name="women" time="2.304"/>
  <testcase classname="testNG.Assignment_exam_TestNG" name="dresses" time="1.647"/>
  <testcase classname="testNG.Assignment_exam_TestNG" name="summerDresses" time="1.991"/>
  <testcase classname="testNG.Assignment_exam_TestNG" name="printedSummerDress" time="1.608"/>
  <testcase classname="testNG.Assignment_exam_TestNG" name="addToCart" time="1.931"/>
  <testcase classname="testNG.Assignment_exam_TestNG" name="proceedToCheckout" time="1.200"/>
  <testcase classname="testNG.Assignment_exam_TestNG" name="proceedToCheckout2" time="1.538"/>
  <testcase classname="testNG.Assignment_exam_TestNG" name="login" time="3.013"/>
  <testcase classname="testNG.Assignment_exam_TestNG" name="proceedToCheckoutShipping" time="1.894"/>
  <testcase classname="testNG.Assignment_exam_TestNG" name="proceedToCheckoutPayment" time="1.383"/>
  <testcase classname="testNG.Assignment_exam_TestNG" name="paymentByBankWire" time="1.364"/>
  <testcase classname="testNG.Assignment_exam_TestNG" name="confirmMyOrder" time="2.371"/>
</testsuite> <!-- testNG.Assignment_exam_TestNG -->
