<?xml version="1.0" encoding="UTF-8"?>
<!-- Generated by org.testng.reporters.JUnitReportReporter -->
<testsuite hostname="Nardeli-PC" failures="0" tests="1" name="testNG.multiBrowser" time="1.941" errors="0" timestamp="04 May 2021 23:32:52 GMT" skipped="0">
  <testcase classname="testNG.multiBrowser" name="sucessfulLogin" time="1.941"/>
</testsuite> <!-- testNG.multiBrowser -->
