<?xml version="1.0" encoding="UTF-8"?>
<!-- Generated by org.testng.reporters.JUnitReportReporter -->
<testsuite hostname="Nardeli-PC" failures="0" tests="1" name="testNG.ListenerDemoCall" time="0.027" errors="0" timestamp="28 Apr. 2021 01:03:46 GMT" skipped="0">
  <testcase classname="testNG.ListenerDemoCall" name="testPass" time="0.027"/>
</testsuite> <!-- testNG.ListenerDemoCall -->
