<?xml version="1.0" encoding="UTF-8"?>
<!-- Generated by org.testng.reporters.JUnitReportReporter -->
<testsuite hostname="Nardeli-PC" failures="0" tests="2" name="testNG.facebookTestNG" time="0.624" errors="0" timestamp="23 Apr. 2021 00:55:22 GMT" skipped="0">
  <testcase classname="testNG.facebookTestNG" name="method2" time="0.436"/>
  <testcase classname="testNG.facebookTestNG" name="method3" time="0.188"/>
</testsuite> <!-- testNG.facebookTestNG -->
