<?xml version="1.0" encoding="UTF-8"?>
<!-- Generated by org.testng.reporters.JUnitReportReporter -->
<testsuite hostname="Nardeli-PC" failures="0" tests="5" name="testNG.Assignment_final_exam2" time="11.686" errors="0" timestamp="07 May 2021 00:53:01 GMT" skipped="0">
  <testcase classname="testNG.Assignment_final_exam2" name="testPageTitle" time="0.093"/>
  <testcase classname="testNG.Assignment_final_exam2" name="myAccount" time="2.052"/>
  <testcase classname="testNG.Assignment_final_exam2" name="unsucessfulLogin" time="1.790"/>
  <testcase classname="testNG.Assignment_final_exam2" name="sucessfulLogin" time="2.706"/>
  <testcase classname="testNG.Assignment_final_exam2" name="goToHomePage" time="5.045"/>
</testsuite> <!-- testNG.Assignment_final_exam2 -->
