<?xml version="1.0" encoding="UTF-8"?>
<!-- Generated by org.testng.reporters.JUnitReportReporter -->
<testsuite hostname="Nardeli-PC" failures="0" tests="2" name="testNG.instagramTestNG" time="1.356" errors="0" timestamp="23 Apr. 2021 00:55:23 GMT" skipped="0">
  <testcase classname="testNG.instagramTestNG" name="method2" time="1.119"/>
  <testcase classname="testNG.instagramTestNG" name="method3" time="0.237"/>
</testsuite> <!-- testNG.instagramTestNG -->
