<?xml version="1.0" encoding="UTF-8"?>
<!-- Generated by org.testng.reporters.JUnitReportReporter -->
<testsuite hostname="Nardeli-PC" failures="0" tests="8" name="testNG.dataProviderGoogle" time="45.189" errors="0" timestamp="03 May 2021 02:24:26 GMT" skipped="2">
  <testcase classname="testNG.dataProviderGoogle" name="usaCitiesExternal" time="7.278"/>
  <testcase classname="testNG.dataProviderGoogle" name="usaCitiesExternal" time="8.522"/>
  <testcase classname="testNG.dataProviderGoogle" name="usaCitiesExternal" time="7.607"/>
  <testcase classname="testNG.dataProviderGoogle" name="usaCitiesInternal" time="7.256"/>
  <testcase classname="testNG.dataProviderGoogle" name="usaCitiesInternal" time="7.329"/>
  <testcase classname="testNG.dataProviderGoogle" name="usaCitiesInternal" time="7.197"/>
  <testcase classname="testNG.dataProviderGoogle" name="searchCity">
    <skipped/>
  </testcase> <!-- searchCity -->
  <testcase classname="testNG.dataProviderGoogle" name="searchCityExternal">
    <skipped/>
  </testcase> <!-- searchCityExternal -->
</testsuite> <!-- testNG.dataProviderGoogle -->
