<?xml version="1.0" encoding="UTF-8"?>
<!-- Generated by org.testng.reporters.JUnitReportReporter -->
<testsuite hostname="Nardeli-PC" failures="0" tests="3" name="testNG.MouseOver" time="2.546" errors="0" timestamp="26 Dec. 2021 04:15:43 GMT" skipped="0">
  <testcase classname="testNG.MouseOver" name="beforeMouseOver" time="0.068"/>
  <testcase classname="testNG.MouseOver" name="afterMouseOver" time="0.279"/>
  <testcase classname="testNG.MouseOver" name="signOn" time="2.199"/>
</testsuite> <!-- testNG.MouseOver -->
