<?xml version="1.0" encoding="UTF-8"?>
<!-- Generated by org.testng.reporters.JUnitReportReporter -->
<testsuite hostname="Nardeli-PC" failures="0" tests="3" name="testNG.parallelDemo2" time="72.069" errors="0" timestamp="23 Apr. 2021 01:09:23 GMT" skipped="0">
  <testcase classname="testNG.parallelDemo2" name="method2" time="10.791"/>
  <testcase classname="testNG.parallelDemo2" name="method1" time="12.667"/>
  <testcase classname="testNG.parallelDemo2" name="method3" time="48.611"/>
</testsuite> <!-- testNG.parallelDemo2 -->
