<?xml version="1.0" encoding="UTF-8"?>
<!-- Generated by org.testng.reporters.JUnitReportReporter -->
<testsuite hostname="Nardeli-PC" failures="0" tests="1" name="testNG.passMethodGlobal" time="0.071" errors="0" timestamp="05 May 2021 23:42:22 GMT" skipped="0">
  <testcase classname="testNG.passMethodGlobal" name="compare" time="0.071"/>
</testsuite> <!-- testNG.passMethodGlobal -->
