<?xml version="1.0" encoding="UTF-8"?>
<!-- Generated by org.testng.reporters.JUnitReportReporter -->
<testsuite hostname="Nardeli-PC" failures="0" tests="7" name="testCases.homePageTest" time="10.771" errors="0" timestamp="04 May 2021 21:47:18 GMT" skipped="6">
  <testcase classname="testCases.homePageTest" name="testSignInButtom" time="10.771"/>
  <testcase classname="testCases.homePageTest" name="testWomenButtom">
    <skipped/>
  </testcase> <!-- testWomenButtom -->
  <testcase classname="testCases.homePageTest" name="testContactUsButtom">
    <skipped/>
  </testcase> <!-- testContactUsButtom -->
  <testcase classname="testCases.homePageTest" name="testDressesButtom">
    <skipped/>
  </testcase> <!-- testDressesButtom -->
  <testcase classname="testCases.homePageTest" name="testTshirtButtom">
    <skipped/>
  </testcase> <!-- testTshirtButtom -->
  <testcase classname="testCases.homePageTest" name="testSearchBox">
    <skipped/>
  </testcase> <!-- testSearchBox -->
  <testcase classname="testCases.homePageTest" name="testCartButtom">
    <skipped/>
  </testcase> <!-- testCartButtom -->
</testsuite> <!-- testCases.homePageTest -->
