<?xml version="1.0" encoding="UTF-8"?>
<!-- Generated by org.testng.reporters.JUnitReportReporter -->
<testsuite hostname="Nardeli-PC" failures="0" tests="1" name="pages.demo" time="1.725" errors="0" timestamp="03 May 2021 02:56:45 GMT" skipped="0">
  <testcase classname="pages.demo" name="clickWomen" time="1.725"/>
</testsuite> <!-- pages.demo -->
