<?xml version="1.0" encoding="UTF-8"?>
<!-- Generated by org.testng.reporters.JUnitReportReporter -->
<testsuite hostname="Nardeli-PC" failures="0" tests="2" name="testCases.loginTest" time="2.507" errors="0" timestamp="04 May 2021 02:02:03 GMT" skipped="0">
  <testcase classname="testCases.loginTest" name="sucessfulLogin" time="1.477"/>
  <testcase classname="testCases.loginTest" name="testUnsucessfulLogin" time="1.030"/>
</testsuite> <!-- testCases.loginTest -->
